<?xml version="1.0" encoding="UTF-8"?>
<!-- Generated by org.testng.reporters.JUnitXMLReporter -->
<testsuite ignored="0" hostname="DESKTOP-S1MQ5B3" failures="0" tests="3" name="Test" time="41.257" errors="0" timestamp="2024-03-23T15:28:39 IST">
  <testcase classname="com.qa.TestLayer.TC_01_RegistrationForm" name="validateRegisterForm" time="6.765"/>
  <testcase classname="com.qa.TestLayer.TC_02_ValidateLinkText" name="validateRegisterForm" time="10.661"/>
  <testcase classname="com.qa.TestLayer.TC_03_ValidateHeaderText" name="validateRegisterForm" time="0.386"/>
</testsuite> <!-- Test -->
